

================================================================
== Vivado HLS Report for 'top_atan2'
================================================================
* Date:           Fri Dec 25 21:32:13 2020

* Version:        2019.2 (Build 2704478 on Wed Nov 06 22:10:23 MST 2019)
* Project:        hls_atan2_prj
* Solution:       solution2_cordic_bitaccurate
* Product family: zynq
* Target device:  xc7z045-ffg900-2


================================================================
== Performance Estimates
================================================================
+ Timing: 
    * Summary: 
    +--------+---------+----------+------------+
    |  Clock |  Target | Estimated| Uncertainty|
    +--------+---------+----------+------------+
    |ap_clk  | 2.50 ns | 3.087 ns |   0.31 ns  |
    +--------+---------+----------+------------+

+ Latency: 
    * Summary: 
    +---------+---------+----------+-----------+-----+-----+---------+
    |  Latency (cycles) |  Latency (absolute)  |  Interval | Pipeline|
    |   min   |   max   |    min   |    max    | min | max |   Type  |
    +---------+---------+----------+-----------+-----+-----+---------+
    |        2|       23| 6.174 ns | 70.998 ns |    2|   23|   none  |
    +---------+---------+----------+-----------+-----+-----+---------+

    + Detail: 
        * Instance: 
        +------------------------+--------------+---------+---------+----------+-----------+-----+-----+---------+
        |                        |              |  Latency (cycles) |  Latency (absolute)  |  Interval | Pipeline|
        |        Instance        |    Module    |   min   |   max   |    min   |    max    | min | max |   Type  |
        +------------------------+--------------+---------+---------+----------+-----------+-----+-----+---------+
        |grp_cordic_atan2_fu_30  |cordic_atan2  |        1|       22| 3.087 ns | 67.911 ns |    1|   22|   none  |
        +------------------------+--------------+---------+---------+----------+-----------+-----+-----+---------+

        * Loop: 
        N/A



================================================================
== Utilization Estimates
================================================================
* Summary: 
+-----------------+---------+-------+--------+--------+-----+
|       Name      | BRAM_18K| DSP48E|   FF   |   LUT  | URAM|
+-----------------+---------+-------+--------+--------+-----+
|DSP              |        -|      -|       -|       -|    -|
|Expression       |        -|      -|       -|       -|    -|
|FIFO             |        -|      -|       -|       -|    -|
|Instance         |        0|      -|     229|     594|    -|
|Memory           |        -|      -|       -|       -|    -|
|Multiplexer      |        -|      -|       -|       3|    -|
|Register         |        -|      -|       3|       -|    -|
+-----------------+---------+-------+--------+--------+-----+
|Total            |        0|      0|     232|     597|    0|
+-----------------+---------+-------+--------+--------+-----+
|Available        |     1090|    900|  437200|  218600|    0|
+-----------------+---------+-------+--------+--------+-----+
|Utilization (%)  |        0|      0|   ~0   |   ~0   |    0|
+-----------------+---------+-------+--------+--------+-----+

+ Detail: 
    * Instance: 
    +------------------------+--------------+---------+-------+-----+-----+-----+
    |        Instance        |    Module    | BRAM_18K| DSP48E|  FF | LUT | URAM|
    +------------------------+--------------+---------+-------+-----+-----+-----+
    |grp_cordic_atan2_fu_30  |cordic_atan2  |        0|      0|  229|  594|    0|
    +------------------------+--------------+---------+-------+-----+-----+-----+
    |Total                   |              |        0|      0|  229|  594|    0|
    +------------------------+--------------+---------+-------+-----+-----+-----+

    * DSP48E: 
    N/A

    * Memory: 
    N/A

    * FIFO: 
    N/A

    * Expression: 
    N/A

    * Multiplexer: 
    +-----------+----+-----------+-----+-----------+
    |    Name   | LUT| Input Size| Bits| Total Bits|
    +-----------+----+-----------+-----+-----------+
    |ap_NS_fsm  |   3|          3|    1|          3|
    +-----------+----+-----------+-----+-----------+
    |Total      |   3|          3|    1|          3|
    +-----------+----+-----------+-----+-----------+

    * Register: 
    +-------------------------------------+---+----+-----+-----------+
    |                 Name                | FF| LUT| Bits| Const Bits|
    +-------------------------------------+---+----+-----+-----------+
    |ap_CS_fsm                            |  2|   0|    2|          0|
    |grp_cordic_atan2_fu_30_ap_start_reg  |  1|   0|    1|          0|
    +-------------------------------------+---+----+-----+-----------+
    |Total                                |  3|   0|    3|          0|
    +-------------------------------------+---+----+-----+-----------+



================================================================
== Interface
================================================================
* Summary: 
+-------------+-----+-----+------------+--------------+--------------+
|  RTL Ports  | Dir | Bits|  Protocol  | Source Object|    C Type    |
+-------------+-----+-----+------------+--------------+--------------+
|ap_clk       |  in |    1| ap_ctrl_hs |   top_atan2  | return value |
|ap_rst       |  in |    1| ap_ctrl_hs |   top_atan2  | return value |
|ap_start     |  in |    1| ap_ctrl_hs |   top_atan2  | return value |
|ap_done      | out |    1| ap_ctrl_hs |   top_atan2  | return value |
|ap_idle      | out |    1| ap_ctrl_hs |   top_atan2  | return value |
|ap_ready     | out |    1| ap_ctrl_hs |   top_atan2  | return value |
|y0_V         |  in |   18|   ap_none  |     y0_V     |    scalar    |
|x0_V         |  in |   18|   ap_none  |     x0_V     |    scalar    |
|zn_V         | out |   16|   ap_vld   |     zn_V     |    pointer   |
|zn_V_ap_vld  | out |    1|   ap_vld   |     zn_V     |    pointer   |
+-------------+-----+-----+------------+--------------+--------------+

